0 info it worked if it ends with ok
1 verbose cli [ '/home/vpadial/.local/node-v4.4.0-linux-x64/bin/node',
1 verbose cli   '/home/vpadial/bin/node/bin/npm',
1 verbose cli   'start' ]
2 info using npm@2.14.20
3 info using node@v4.4.0
4 verbose stack Error: Invalid name: "Space Monas"
4 verbose stack     at ensureValidName (/home/vpadial/.local/node-v4.4.0-linux-x64/lib/node_modules/npm/node_modules/normalize-package-data/lib/fixer.js:336:15)
4 verbose stack     at Object.module.exports.fixNameField (/home/vpadial/.local/node-v4.4.0-linux-x64/lib/node_modules/npm/node_modules/normalize-package-data/lib/fixer.js:215:5)
4 verbose stack     at /home/vpadial/.local/node-v4.4.0-linux-x64/lib/node_modules/npm/node_modules/normalize-package-data/lib/normalize.js:32:38
4 verbose stack     at Array.forEach (native)
4 verbose stack     at normalize (/home/vpadial/.local/node-v4.4.0-linux-x64/lib/node_modules/npm/node_modules/normalize-package-data/lib/normalize.js:31:15)
4 verbose stack     at final (/home/vpadial/.local/node-v4.4.0-linux-x64/lib/node_modules/npm/node_modules/read-package-json/read-json.js:338:5)
4 verbose stack     at then (/home/vpadial/.local/node-v4.4.0-linux-x64/lib/node_modules/npm/node_modules/read-package-json/read-json.js:113:5)
4 verbose stack     at /home/vpadial/.local/node-v4.4.0-linux-x64/lib/node_modules/npm/node_modules/read-package-json/read-json.js:300:12
4 verbose stack     at /home/vpadial/.local/node-v4.4.0-linux-x64/lib/node_modules/npm/node_modules/graceful-fs/graceful-fs.js:78:16
4 verbose stack     at FSReqWrap.readFileAfterClose [as oncomplete] (fs.js:380:3)
5 verbose cwd /home/vpadial/devel/monagames/spacemonas
6 error Linux 4.5.0-1-amd64
7 error argv "/home/vpadial/.local/node-v4.4.0-linux-x64/bin/node" "/home/vpadial/bin/node/bin/npm" "start"
8 error node v4.4.0
9 error npm  v2.14.20
10 error Invalid name: "Space Monas"
11 error If you need help, you may report this error at:
11 error     <https://github.com/npm/npm/issues>
12 verbose exit [ 1, true ]
